2025-08-01 15:47:33,974 - INFO - Succesfully read the YAML file
2025-08-01 15:47:33,975 - INFO - Data Ingestion started with hotel_reservation_buucket and file is  HotelReservations.csv
2025-08-01 15:47:33,975 - INFO - Starting data ingestion process
2025-08-01 15:47:36,879 - INFO - CSV file is sucesfully downloaded to artifacts/raw\raw.csv
2025-08-01 15:47:36,879 - INFO - Starting the splitting process
2025-08-01 15:47:37,054 - INFO - Train data saved to artifacts/raw\train.csv
2025-08-01 15:47:37,054 - INFO - Test data saved to artifacts/raw\test.csv
2025-08-01 15:47:37,054 - INFO - Data ingestion completed sucesfully
2025-08-01 15:47:37,054 - INFO - Data ingestion completed
2025-08-01 15:47:37,054 - INFO - Succesfully read the YAML file
2025-08-01 15:47:37,054 - INFO - Loading data from RAW directory
2025-08-01 15:47:37,054 - INFO - Loading data
2025-08-01 15:47:37,102 - INFO - Loading data
2025-08-01 15:47:37,118 - INFO - Starting our Data Processing step
2025-08-01 15:47:37,118 - INFO - Dropping the columns
2025-08-01 15:47:37,118 - INFO - Applying Label Encoding
2025-08-01 15:47:37,134 - INFO - Label Mappings are : 
2025-08-01 15:47:37,134 - INFO - type_of_meal_plan : {'Meal Plan 1': np.int64(0), 'Meal Plan 2': np.int64(1), 'Meal Plan 3': np.int64(2), 'Not Selected': np.int64(3)}
2025-08-01 15:47:37,134 - INFO - required_car_parking_space : {np.int64(0): np.int64(0), np.int64(1): np.int64(1)}
2025-08-01 15:47:37,134 - INFO - room_type_reserved : {'Room_Type 1': np.int64(0), 'Room_Type 2': np.int64(1), 'Room_Type 3': np.int64(2), 'Room_Type 4': np.int64(3), 'Room_Type 5': np.int64(4), 'Room_Type 6': np.int64(5), 'Room_Type 7': np.int64(6)}
2025-08-01 15:47:37,134 - INFO - market_segment_type : {'Aviation': np.int64(0), 'Complementary': np.int64(1), 'Corporate': np.int64(2), 'Offline': np.int64(3), 'Online': np.int64(4)}
2025-08-01 15:47:37,134 - INFO - repeated_guest : {np.int64(0): np.int64(0), np.int64(1): np.int64(1)}
2025-08-01 15:47:37,134 - INFO - booking_status : {'Canceled': np.int64(0), 'Not_Canceled': np.int64(1)}
2025-08-01 15:47:37,134 - INFO - Doing Skewness HAndling
2025-08-01 15:47:37,134 - INFO - Starting our Data Processing step
2025-08-01 15:47:37,134 - INFO - Dropping the columns
2025-08-01 15:47:37,134 - INFO - Applying Label Encoding
2025-08-01 15:47:37,149 - INFO - Label Mappings are : 
2025-08-01 15:47:37,149 - INFO - type_of_meal_plan : {'Meal Plan 1': np.int64(0), 'Meal Plan 2': np.int64(1), 'Meal Plan 3': np.int64(2), 'Not Selected': np.int64(3)}
2025-08-01 15:47:37,149 - INFO - required_car_parking_space : {np.int64(0): np.int64(0), np.int64(1): np.int64(1)}
2025-08-01 15:47:37,149 - INFO - room_type_reserved : {'Room_Type 1': np.int64(0), 'Room_Type 2': np.int64(1), 'Room_Type 3': np.int64(2), 'Room_Type 4': np.int64(3), 'Room_Type 5': np.int64(4), 'Room_Type 6': np.int64(5), 'Room_Type 7': np.int64(6)}
2025-08-01 15:47:37,149 - INFO - market_segment_type : {'Aviation': np.int64(0), 'Complementary': np.int64(1), 'Corporate': np.int64(2), 'Offline': np.int64(3), 'Online': np.int64(4)}
2025-08-01 15:47:37,149 - INFO - repeated_guest : {np.int64(0): np.int64(0), np.int64(1): np.int64(1)}
2025-08-01 15:47:37,149 - INFO - booking_status : {'Canceled': np.int64(0), 'Not_Canceled': np.int64(1)}
2025-08-01 15:47:37,149 - INFO - Doing Skewness HAndling
2025-08-01 15:47:37,149 - INFO - Handling Imbalanced Data
2025-08-01 15:47:38,490 - INFO - Data balanced sucesffuly
2025-08-01 15:47:38,490 - INFO - Handling Imbalanced Data
2025-08-01 15:47:38,506 - INFO - Data balanced sucesffuly
2025-08-01 15:47:38,506 - INFO - Starting our Feature selection step
2025-08-01 15:47:40,864 - INFO - Features selected : ['lead_time' 'no_of_special_requests' 'avg_price_per_room' 'arrival_month'
 'arrival_date' 'market_segment_type' 'no_of_week_nights'
 'no_of_weekend_nights' 'type_of_meal_plan' 'room_type_reserved']
2025-08-01 15:47:40,864 - INFO - Feature slection completed sucesfully
2025-08-01 15:47:40,872 - INFO - Saving our data in processed folder
2025-08-01 15:47:40,917 - INFO - Data saved sucesfuly to artifacts/processed\processed_train.csv
2025-08-01 15:47:40,917 - INFO - Saving our data in processed folder
2025-08-01 15:47:40,927 - INFO - Data saved sucesfuly to artifacts/processed\processed_test.csv
2025-08-01 15:47:40,927 - INFO - Data processing completed sucesfully
2025-08-01 15:47:41,432 - INFO - Starting our Model Training pipeline
2025-08-01 15:47:41,432 - INFO - Starting our MLFLOW experimentation
2025-08-01 15:47:41,432 - INFO - Logging the training and testing datset to MLFLOW
2025-08-01 15:47:41,448 - INFO - Loading data from artifacts/processed\processed_train.csv
2025-08-01 15:47:41,448 - INFO - Loading data
2025-08-01 15:47:41,472 - INFO - Loading data from artifacts/processed\processed_test.csv
2025-08-01 15:47:41,472 - INFO - Loading data
2025-08-01 15:47:41,472 - INFO - Data splitted sucefully for Model Training
2025-08-01 15:47:41,472 - INFO - Intializing our model
2025-08-01 15:47:41,472 - INFO - Starting our Hyperparamter tuning
2025-08-01 15:47:41,472 - INFO - Starting our Hyperparamter tuning
2025-08-01 15:47:46,485 - INFO - Hyperparamter tuning completed
2025-08-01 15:47:46,485 - INFO - Best paramters are : {'boosting_type': 'gbdt', 'learning_rate': np.float64(0.1293700315892974), 'max_depth': 23, 'n_estimators': 314, 'num_leaves': 94}
2025-08-01 15:47:46,485 - INFO - Evaluating our model
2025-08-01 15:47:46,522 - INFO - Accuracy Score : 0.8806183115338883
2025-08-01 15:47:46,522 - INFO - Precision Score : 0.863667348329925
2025-08-01 15:47:46,522 - INFO - Recall Score : 0.9039239001189061
2025-08-01 15:47:46,522 - INFO - F1 Score : 0.8833372066000464
2025-08-01 15:47:46,522 - INFO - saving the model
2025-08-01 15:47:46,548 - INFO - Model saved to artifacts/models/lgbm_model.pkl
2025-08-01 15:47:46,548 - INFO - Logging the model into MLFLOW
2025-08-01 15:47:46,571 - INFO - Logging Params and metrics to MLFLOW
2025-08-01 15:47:46,595 - INFO - Model Training sucesfullly completed
